09-Jun-2020 09:32:29.921 严重 [main] org.apache.catalina.startup.Catalina.stopServer 无法联系[localhost:8005]（基端口[8005]和偏移量[0]）。Tomcat可能不在运行。
09-Jun-2020 09:32:29.975 严重 [main] org.apache.catalina.startup.Catalina.stopServer 停止 Catalina 时出错
	java.net.ConnectException: Connection refused: connect
		at java.net.DualStackPlainSocketImpl.connect0(Native Method)
		at java.net.DualStackPlainSocketImpl.socketConnect(DualStackPlainSocketImpl.java:79)
		at java.net.AbstractPlainSocketImpl.doConnect(AbstractPlainSocketImpl.java:350)
		at java.net.AbstractPlainSocketImpl.connectToAddress(AbstractPlainSocketImpl.java:206)
		at java.net.AbstractPlainSocketImpl.connect(AbstractPlainSocketImpl.java:188)
		at java.net.PlainSocketImpl.connect(PlainSocketImpl.java:172)
		at java.net.SocksSocketImpl.connect(SocksSocketImpl.java:392)
		at java.net.Socket.connect(Socket.java:589)
		at java.net.Socket.connect(Socket.java:538)
		at java.net.Socket.<init>(Socket.java:434)
		at java.net.Socket.<init>(Socket.java:211)
		at org.apache.catalina.startup.Catalina.stopServer(Catalina.java:513)
		at sun.reflect.NativeMethodAccessorImpl.invoke0(Native Method)
		at sun.reflect.NativeMethodAccessorImpl.invoke(NativeMethodAccessorImpl.java:62)
		at sun.reflect.DelegatingMethodAccessorImpl.invoke(DelegatingMethodAccessorImpl.java:43)
		at java.lang.reflect.Method.invoke(Method.java:498)
		at org.apache.catalina.startup.Bootstrap.stopServer(Bootstrap.java:389)
		at org.apache.catalina.startup.Bootstrap.main(Bootstrap.java:479)
09-Jun-2020 09:32:36.811 信息 [main] org.apache.catalina.startup.VersionLoggerListener.log Server.服务器版本: Apache Tomcat/9.0.35
09-Jun-2020 09:32:36.816 信息 [main] org.apache.catalina.startup.VersionLoggerListener.log 服务器构建:        May 5 2020 20:36:20 UTC
09-Jun-2020 09:32:36.817 信息 [main] org.apache.catalina.startup.VersionLoggerListener.log 服务器版本号(:     9.0.35.0
09-Jun-2020 09:32:36.817 信息 [main] org.apache.catalina.startup.VersionLoggerListener.log 操作系统名称:      Windows 10
09-Jun-2020 09:32:36.817 信息 [main] org.apache.catalina.startup.VersionLoggerListener.log OS.版本:           10.0
09-Jun-2020 09:32:36.817 信息 [main] org.apache.catalina.startup.VersionLoggerListener.log 架构:              amd64
09-Jun-2020 09:32:36.817 信息 [main] org.apache.catalina.startup.VersionLoggerListener.log Java 环境变量:     D:\Intellij IDEA\jdk1.8.0_201\jre
09-Jun-2020 09:32:36.818 信息 [main] org.apache.catalina.startup.VersionLoggerListener.log Java虚拟机版本:    1.8.0_201-b09
09-Jun-2020 09:32:36.818 信息 [main] org.apache.catalina.startup.VersionLoggerListener.log JVM.供应商:        Oracle Corporation
09-Jun-2020 09:32:36.818 信息 [main] org.apache.catalina.startup.VersionLoggerListener.log CATALINA_BASE:     D:\tomcat\apache-tomcat-9.0.35-windows-x64\apache-tomcat-9.0.35
09-Jun-2020 09:32:36.818 信息 [main] org.apache.catalina.startup.VersionLoggerListener.log CATALINA_HOME:     D:\tomcat\apache-tomcat-9.0.35-windows-x64\apache-tomcat-9.0.35
09-Jun-2020 09:32:36.819 信息 [main] org.apache.catalina.startup.VersionLoggerListener.log 命令行参数：-Djava.util.logging.config.file=D:\tomcat\apache-tomcat-9.0.35-windows-x64\apache-tomcat-9.0.35\conf\logging.properties
09-Jun-2020 09:32:36.819 信息 [main] org.apache.catalina.startup.VersionLoggerListener.log 命令行参数：-Djava.util.logging.manager=org.apache.juli.ClassLoaderLogManager
09-Jun-2020 09:32:36.819 信息 [main] org.apache.catalina.startup.VersionLoggerListener.log 命令行参数：-Djdk.tls.ephemeralDHKeySize=2048
09-Jun-2020 09:32:36.820 信息 [main] org.apache.catalina.startup.VersionLoggerListener.log 命令行参数：-Djava.protocol.handler.pkgs=org.apache.catalina.webresources
09-Jun-2020 09:32:36.821 信息 [main] org.apache.catalina.startup.VersionLoggerListener.log 命令行参数：-Dignore.endorsed.dirs=
09-Jun-2020 09:32:36.821 信息 [main] org.apache.catalina.startup.VersionLoggerListener.log 命令行参数：-Dcatalina.base=D:\tomcat\apache-tomcat-9.0.35-windows-x64\apache-tomcat-9.0.35
09-Jun-2020 09:32:36.825 信息 [main] org.apache.catalina.startup.VersionLoggerListener.log 命令行参数：-Dcatalina.home=D:\tomcat\apache-tomcat-9.0.35-windows-x64\apache-tomcat-9.0.35
09-Jun-2020 09:32:36.830 信息 [main] org.apache.catalina.startup.VersionLoggerListener.log 命令行参数：-Djava.io.tmpdir=D:\tomcat\apache-tomcat-9.0.35-windows-x64\apache-tomcat-9.0.35\temp
09-Jun-2020 09:32:36.832 信息 [main] org.apache.catalina.core.AprLifecycleListener.lifecycleEvent 使用APR版本[1.7.0]加载了基于APR的Apache Tomcat本机库[1.2.24]。
09-Jun-2020 09:32:36.833 信息 [main] org.apache.catalina.core.AprLifecycleListener.lifecycleEvent APR功能：IPv6[true]、sendfile[true]、accept filters[false]、random[true]。
09-Jun-2020 09:32:36.834 信息 [main] org.apache.catalina.core.AprLifecycleListener.lifecycleEvent APR/OpenSSL配置：useAprConnector[false]，useOpenSSL[true]
09-Jun-2020 09:32:36.845 信息 [main] org.apache.catalina.core.AprLifecycleListener.initializeSSL OpenSSL成功初始化 [OpenSSL 1.1.1g  21 Apr 2020]
09-Jun-2020 09:32:37.283 信息 [main] org.apache.coyote.AbstractProtocol.init 初始化协议处理器 ["http-nio-8080"]
09-Jun-2020 09:32:37.806 信息 [main] org.apache.catalina.startup.Catalina.load 服务器在[1,235]毫秒内初始化
09-Jun-2020 09:32:37.847 信息 [main] org.apache.catalina.core.StandardService.startInternal 正在启动服务[Catalina]
09-Jun-2020 09:32:37.848 信息 [main] org.apache.catalina.core.StandardEngine.startInternal 正在启动 Servlet 引擎：[Apache Tomcat/9.0.35]
09-Jun-2020 09:32:37.864 信息 [main] org.apache.catalina.startup.HostConfig.deployDirectory 把web 应用程序部署到目录 [D:\tomcat\apache-tomcat-9.0.35-windows-x64\apache-tomcat-9.0.35\webapps\docs]
09-Jun-2020 09:32:38.161 信息 [main] org.apache.catalina.startup.HostConfig.deployDirectory Web应用程序目录[D:\tomcat\apache-tomcat-9.0.35-windows-x64\apache-tomcat-9.0.35\webapps\docs]的部署已在[296]毫秒内完成
09-Jun-2020 09:32:38.165 信息 [main] org.apache.catalina.startup.HostConfig.deployDirectory 把web 应用程序部署到目录 [D:\tomcat\apache-tomcat-9.0.35-windows-x64\apache-tomcat-9.0.35\webapps\examples]
09-Jun-2020 09:32:39.157 信息 [main] org.apache.catalina.startup.HostConfig.deployDirectory Web应用程序目录[D:\tomcat\apache-tomcat-9.0.35-windows-x64\apache-tomcat-9.0.35\webapps\examples]的部署已在[992]毫秒内完成
09-Jun-2020 09:32:39.159 信息 [main] org.apache.catalina.startup.HostConfig.deployDirectory 把web 应用程序部署到目录 [D:\tomcat\apache-tomcat-9.0.35-windows-x64\apache-tomcat-9.0.35\webapps\host-manager]
09-Jun-2020 09:32:39.227 信息 [main] org.apache.catalina.startup.HostConfig.deployDirectory Web应用程序目录[D:\tomcat\apache-tomcat-9.0.35-windows-x64\apache-tomcat-9.0.35\webapps\host-manager]的部署已在[68]毫秒内完成
09-Jun-2020 09:32:39.229 信息 [main] org.apache.catalina.startup.HostConfig.deployDirectory 把web 应用程序部署到目录 [D:\tomcat\apache-tomcat-9.0.35-windows-x64\apache-tomcat-9.0.35\webapps\manager]
09-Jun-2020 09:32:39.294 信息 [main] org.apache.catalina.startup.HostConfig.deployDirectory Web应用程序目录[D:\tomcat\apache-tomcat-9.0.35-windows-x64\apache-tomcat-9.0.35\webapps\manager]的部署已在[65]毫秒内完成
09-Jun-2020 09:32:39.296 信息 [main] org.apache.catalina.startup.HostConfig.deployDirectory 把web 应用程序部署到目录 [D:\tomcat\apache-tomcat-9.0.35-windows-x64\apache-tomcat-9.0.35\webapps\ROOT]
09-Jun-2020 09:32:39.343 信息 [main] org.apache.catalina.startup.HostConfig.deployDirectory Web应用程序目录[D:\tomcat\apache-tomcat-9.0.35-windows-x64\apache-tomcat-9.0.35\webapps\ROOT]的部署已在[46]毫秒内完成
09-Jun-2020 09:32:39.349 信息 [main] org.apache.coyote.AbstractProtocol.start 开始协议处理句柄["http-nio-8080"]
09-Jun-2020 09:32:39.363 信息 [main] org.apache.catalina.startup.Catalina.start [1,556]毫秒后服务器启动
09-Jun-2020 09:34:20.904 信息 [http-nio-8080-exec-3] org.apache.coyote.http11.Http11Processor.service 解析 HTTP 请求 header 错误注意：HTTP请求解析错误的进一步发生将记录在DEBUG级别。
	java.lang.IllegalArgumentException: 在方法名称中发现无效的字符串, HTTP 方法名必须是有效的符号.
		at org.apache.coyote.http11.Http11InputBuffer.parseRequestLine(Http11InputBuffer.java:418)
		at org.apache.coyote.http11.Http11Processor.service(Http11Processor.java:260)
		at org.apache.coyote.AbstractProcessorLight.process(AbstractProcessorLight.java:65)
		at org.apache.coyote.AbstractProtocol$ConnectionHandler.process(AbstractProtocol.java:868)
		at org.apache.tomcat.util.net.NioEndpoint$SocketProcessor.doRun(NioEndpoint.java:1590)
		at org.apache.tomcat.util.net.SocketProcessorBase.run(SocketProcessorBase.java:49)
		at java.util.concurrent.ThreadPoolExecutor.runWorker(ThreadPoolExecutor.java:1149)
		at java.util.concurrent.ThreadPoolExecutor$Worker.run(ThreadPoolExecutor.java:624)
		at org.apache.tomcat.util.threads.TaskThread$WrappingRunnable.run(TaskThread.java:61)
		at java.lang.Thread.run(Thread.java:748)
09-Jun-2020 09:34:20.904 信息 [http-nio-8080-exec-1] org.apache.coyote.http11.Http11Processor.service 解析 HTTP 请求 header 错误注意：HTTP请求解析错误的进一步发生将记录在DEBUG级别。
	java.lang.IllegalArgumentException: 在方法名称中发现无效的字符串, HTTP 方法名必须是有效的符号.
		at org.apache.coyote.http11.Http11InputBuffer.parseRequestLine(Http11InputBuffer.java:418)
		at org.apache.coyote.http11.Http11Processor.service(Http11Processor.java:260)
		at org.apache.coyote.AbstractProcessorLight.process(AbstractProcessorLight.java:65)
		at org.apache.coyote.AbstractProtocol$ConnectionHandler.process(AbstractProtocol.java:868)
		at org.apache.tomcat.util.net.NioEndpoint$SocketProcessor.doRun(NioEndpoint.java:1590)
		at org.apache.tomcat.util.net.SocketProcessorBase.run(SocketProcessorBase.java:49)
		at java.util.concurrent.ThreadPoolExecutor.runWorker(ThreadPoolExecutor.java:1149)
		at java.util.concurrent.ThreadPoolExecutor$Worker.run(ThreadPoolExecutor.java:624)
		at org.apache.tomcat.util.threads.TaskThread$WrappingRunnable.run(TaskThread.java:61)
		at java.lang.Thread.run(Thread.java:748)
09-Jun-2020 09:37:20.087 信息 [Catalina-utility-1] org.apache.catalina.startup.HostConfig.deployDirectory 把web 应用程序部署到目录 [D:\tomcat\apache-tomcat-9.0.35-windows-x64\apache-tomcat-9.0.35\webapps\新建文件夹]
09-Jun-2020 09:37:20.187 信息 [Catalina-utility-1] org.apache.catalina.startup.HostConfig.deployDirectory Web应用程序目录[D:\tomcat\apache-tomcat-9.0.35-windows-x64\apache-tomcat-9.0.35\webapps\新建文件夹]的部署已在[106]毫秒内完成
09-Jun-2020 09:37:33.354 信息 [Catalina-utility-2] org.apache.catalina.startup.HostConfig.undeploy 正在取消部署上下文[/新建文件夹]
09-Jun-2020 09:37:33.422 信息 [Catalina-utility-2] org.apache.catalina.startup.HostConfig.deployDirectory 把web 应用程序部署到目录 [D:\tomcat\apache-tomcat-9.0.35-windows-x64\apache-tomcat-9.0.35\webapps\Web]
09-Jun-2020 09:37:33.572 信息 [Catalina-utility-2] org.apache.catalina.startup.HostConfig.deployDirectory Web应用程序目录[D:\tomcat\apache-tomcat-9.0.35-windows-x64\apache-tomcat-9.0.35\webapps\Web]的部署已在[149]毫秒内完成
09-Jun-2020 09:39:55.291 信息 [Catalina-utility-1] org.apache.catalina.startup.HostConfig.undeploy 正在取消部署上下文[/Web]
09-Jun-2020 10:05:16.519 严重 [main] org.apache.catalina.startup.Catalina.stopServer 无法联系[localhost:8005]（基端口[8005]和偏移量[0]）。Tomcat可能不在运行。
09-Jun-2020 10:05:16.530 严重 [main] org.apache.catalina.startup.Catalina.stopServer 停止 Catalina 时出错
	java.net.ConnectException: Connection refused: connect
		at java.net.DualStackPlainSocketImpl.connect0(Native Method)
		at java.net.DualStackPlainSocketImpl.socketConnect(DualStackPlainSocketImpl.java:79)
		at java.net.AbstractPlainSocketImpl.doConnect(AbstractPlainSocketImpl.java:350)
		at java.net.AbstractPlainSocketImpl.connectToAddress(AbstractPlainSocketImpl.java:206)
		at java.net.AbstractPlainSocketImpl.connect(AbstractPlainSocketImpl.java:188)
		at java.net.PlainSocketImpl.connect(PlainSocketImpl.java:172)
		at java.net.SocksSocketImpl.connect(SocksSocketImpl.java:392)
		at java.net.Socket.connect(Socket.java:589)
		at java.net.Socket.connect(Socket.java:538)
		at java.net.Socket.<init>(Socket.java:434)
		at java.net.Socket.<init>(Socket.java:211)
		at org.apache.catalina.startup.Catalina.stopServer(Catalina.java:513)
		at sun.reflect.NativeMethodAccessorImpl.invoke0(Native Method)
		at sun.reflect.NativeMethodAccessorImpl.invoke(NativeMethodAccessorImpl.java:62)
		at sun.reflect.DelegatingMethodAccessorImpl.invoke(DelegatingMethodAccessorImpl.java:43)
		at java.lang.reflect.Method.invoke(Method.java:498)
		at org.apache.catalina.startup.Bootstrap.stopServer(Bootstrap.java:389)
		at org.apache.catalina.startup.Bootstrap.main(Bootstrap.java:479)
09-Jun-2020 10:05:23.227 警告 [main] org.apache.catalina.startup.SetAllPropertiesRule.begin [SetAllPropertiesRule]{Server/Service/Connector} Setting property 'URIEncodeing' to 'UTF-8' did not find a matching property.
09-Jun-2020 10:05:23.272 信息 [main] org.apache.catalina.startup.VersionLoggerListener.log Server.服务器版本: Apache Tomcat/9.0.35
09-Jun-2020 10:05:23.272 信息 [main] org.apache.catalina.startup.VersionLoggerListener.log 服务器构建:        May 5 2020 20:36:20 UTC
09-Jun-2020 10:05:23.273 信息 [main] org.apache.catalina.startup.VersionLoggerListener.log 服务器版本号(:     9.0.35.0
09-Jun-2020 10:05:23.273 信息 [main] org.apache.catalina.startup.VersionLoggerListener.log 操作系统名称:      Windows 10
09-Jun-2020 10:05:23.274 信息 [main] org.apache.catalina.startup.VersionLoggerListener.log OS.版本:           10.0
09-Jun-2020 10:05:23.274 信息 [main] org.apache.catalina.startup.VersionLoggerListener.log 架构:              amd64
09-Jun-2020 10:05:23.274 信息 [main] org.apache.catalina.startup.VersionLoggerListener.log Java 环境变量:     D:\Intellij IDEA\jdk1.8.0_201\jre
09-Jun-2020 10:05:23.274 信息 [main] org.apache.catalina.startup.VersionLoggerListener.log Java虚拟机版本:    1.8.0_201-b09
09-Jun-2020 10:05:23.274 信息 [main] org.apache.catalina.startup.VersionLoggerListener.log JVM.供应商:        Oracle Corporation
09-Jun-2020 10:05:23.274 信息 [main] org.apache.catalina.startup.VersionLoggerListener.log CATALINA_BASE:     D:\tomcat\apache-tomcat-9.0.35-windows-x64\apache-tomcat-9.0.35
09-Jun-2020 10:05:23.275 信息 [main] org.apache.catalina.startup.VersionLoggerListener.log CATALINA_HOME:     D:\tomcat\apache-tomcat-9.0.35-windows-x64\apache-tomcat-9.0.35
09-Jun-2020 10:05:23.275 信息 [main] org.apache.catalina.startup.VersionLoggerListener.log 命令行参数：-Djava.util.logging.config.file=D:\tomcat\apache-tomcat-9.0.35-windows-x64\apache-tomcat-9.0.35\conf\logging.properties
09-Jun-2020 10:05:23.279 信息 [main] org.apache.catalina.startup.VersionLoggerListener.log 命令行参数：-Djava.util.logging.manager=org.apache.juli.ClassLoaderLogManager
09-Jun-2020 10:05:23.279 信息 [main] org.apache.catalina.startup.VersionLoggerListener.log 命令行参数：-Djdk.tls.ephemeralDHKeySize=2048
09-Jun-2020 10:05:23.279 信息 [main] org.apache.catalina.startup.VersionLoggerListener.log 命令行参数：-Djava.protocol.handler.pkgs=org.apache.catalina.webresources
09-Jun-2020 10:05:23.279 信息 [main] org.apache.catalina.startup.VersionLoggerListener.log 命令行参数：-Dignore.endorsed.dirs=
09-Jun-2020 10:05:23.279 信息 [main] org.apache.catalina.startup.VersionLoggerListener.log 命令行参数：-Dcatalina.base=D:\tomcat\apache-tomcat-9.0.35-windows-x64\apache-tomcat-9.0.35
09-Jun-2020 10:05:23.280 信息 [main] org.apache.catalina.startup.VersionLoggerListener.log 命令行参数：-Dcatalina.home=D:\tomcat\apache-tomcat-9.0.35-windows-x64\apache-tomcat-9.0.35
09-Jun-2020 10:05:23.281 信息 [main] org.apache.catalina.startup.VersionLoggerListener.log 命令行参数：-Djava.io.tmpdir=D:\tomcat\apache-tomcat-9.0.35-windows-x64\apache-tomcat-9.0.35\temp
09-Jun-2020 10:05:23.281 信息 [main] org.apache.catalina.core.AprLifecycleListener.lifecycleEvent 使用APR版本[1.7.0]加载了基于APR的Apache Tomcat本机库[1.2.24]。
09-Jun-2020 10:05:23.282 信息 [main] org.apache.catalina.core.AprLifecycleListener.lifecycleEvent APR功能：IPv6[true]、sendfile[true]、accept filters[false]、random[true]。
09-Jun-2020 10:05:23.285 信息 [main] org.apache.catalina.core.AprLifecycleListener.lifecycleEvent APR/OpenSSL配置：useAprConnector[false]，useOpenSSL[true]
09-Jun-2020 10:05:23.294 信息 [main] org.apache.catalina.core.AprLifecycleListener.initializeSSL OpenSSL成功初始化 [OpenSSL 1.1.1g  21 Apr 2020]
09-Jun-2020 10:05:23.907 信息 [main] org.apache.coyote.AbstractProtocol.init 初始化协议处理器 ["http-nio-8080"]
09-Jun-2020 10:05:24.678 信息 [main] org.apache.catalina.startup.Catalina.load 服务器在[1,658]毫秒内初始化
09-Jun-2020 10:05:24.712 信息 [main] org.apache.catalina.core.StandardService.startInternal 正在启动服务[Catalina]
09-Jun-2020 10:05:24.712 信息 [main] org.apache.catalina.core.StandardEngine.startInternal 正在启动 Servlet 引擎：[Apache Tomcat/9.0.35]
09-Jun-2020 10:05:24.728 信息 [main] org.apache.catalina.startup.HostConfig.deployDirectory 把web 应用程序部署到目录 [D:\tomcat\apache-tomcat-9.0.35-windows-x64\apache-tomcat-9.0.35\webapps\docs]
09-Jun-2020 10:05:25.078 信息 [main] org.apache.catalina.startup.HostConfig.deployDirectory Web应用程序目录[D:\tomcat\apache-tomcat-9.0.35-windows-x64\apache-tomcat-9.0.35\webapps\docs]的部署已在[350]毫秒内完成
09-Jun-2020 10:05:25.080 信息 [main] org.apache.catalina.startup.HostConfig.deployDirectory 把web 应用程序部署到目录 [D:\tomcat\apache-tomcat-9.0.35-windows-x64\apache-tomcat-9.0.35\webapps\examples]
09-Jun-2020 10:05:25.801 信息 [main] org.apache.catalina.startup.HostConfig.deployDirectory Web应用程序目录[D:\tomcat\apache-tomcat-9.0.35-windows-x64\apache-tomcat-9.0.35\webapps\examples]的部署已在[722]毫秒内完成
09-Jun-2020 10:05:25.802 信息 [main] org.apache.catalina.startup.HostConfig.deployDirectory 把web 应用程序部署到目录 [D:\tomcat\apache-tomcat-9.0.35-windows-x64\apache-tomcat-9.0.35\webapps\host-manager]
09-Jun-2020 10:05:25.865 信息 [main] org.apache.catalina.startup.HostConfig.deployDirectory Web应用程序目录[D:\tomcat\apache-tomcat-9.0.35-windows-x64\apache-tomcat-9.0.35\webapps\host-manager]的部署已在[63]毫秒内完成
09-Jun-2020 10:05:25.866 信息 [main] org.apache.catalina.startup.HostConfig.deployDirectory 把web 应用程序部署到目录 [D:\tomcat\apache-tomcat-9.0.35-windows-x64\apache-tomcat-9.0.35\webapps\manager]
09-Jun-2020 10:05:25.922 信息 [main] org.apache.catalina.startup.HostConfig.deployDirectory Web应用程序目录[D:\tomcat\apache-tomcat-9.0.35-windows-x64\apache-tomcat-9.0.35\webapps\manager]的部署已在[55]毫秒内完成
09-Jun-2020 10:05:25.922 信息 [main] org.apache.catalina.startup.HostConfig.deployDirectory 把web 应用程序部署到目录 [D:\tomcat\apache-tomcat-9.0.35-windows-x64\apache-tomcat-9.0.35\webapps\ROOT]
09-Jun-2020 10:05:25.969 信息 [main] org.apache.catalina.startup.HostConfig.deployDirectory Web应用程序目录[D:\tomcat\apache-tomcat-9.0.35-windows-x64\apache-tomcat-9.0.35\webapps\ROOT]的部署已在[47]毫秒内完成
09-Jun-2020 10:05:25.974 信息 [main] org.apache.coyote.AbstractProtocol.start 开始协议处理句柄["http-nio-8080"]
09-Jun-2020 10:05:25.988 信息 [main] org.apache.catalina.startup.Catalina.start [1,307]毫秒后服务器启动
09-Jun-2020 10:05:31.104 警告 [main] org.apache.catalina.core.StandardServer.await 收到无效的关闭命令[]
09-Jun-2020 10:15:43.726 警告 [main] org.apache.catalina.core.StandardServer.await 收到无效的关闭命令[]
09-Jun-2020 10:28:21.113 信息 [Catalina-utility-1] org.apache.catalina.startup.HostConfig.deployDirectory 把web 应用程序部署到目录 [D:\tomcat\apache-tomcat-9.0.35-windows-x64\apache-tomcat-9.0.35\webapps\librarySystem]
09-Jun-2020 10:28:21.159 信息 [Catalina-utility-1] org.apache.catalina.startup.HostConfig.deployDirectory Web应用程序目录[D:\tomcat\apache-tomcat-9.0.35-windows-x64\apache-tomcat-9.0.35\webapps\librarySystem]的部署已在[46]毫秒内完成
09-Jun-2020 10:30:43.112 信息 [Catalina-utility-1] org.apache.catalina.startup.HostConfig.undeploy 正在取消部署上下文[/librarySystem]
09-Jun-2020 10:31:43.952 信息 [Catalina-utility-1] org.apache.catalina.startup.HostConfig.deployDirectory 把web 应用程序部署到目录 [D:\tomcat\apache-tomcat-9.0.35-windows-x64\apache-tomcat-9.0.35\webapps\librarySystem]
09-Jun-2020 10:31:44.074 信息 [Catalina-utility-1] org.apache.catalina.startup.HostConfig.deployDirectory Web应用程序目录[D:\tomcat\apache-tomcat-9.0.35-windows-x64\apache-tomcat-9.0.35\webapps\librarySystem]的部署已在[121]毫秒内完成
09-Jun-2020 10:34:35.133 警告 [main] org.apache.catalina.core.StandardServer.await 收到无效的关闭命令[]
09-Jun-2020 10:35:30.177 信息 [main] org.apache.catalina.core.StandardServer.await 通过关闭端口接收到有效的关闭命令。正在停止服务器实例。
09-Jun-2020 10:35:30.179 信息 [main] org.apache.coyote.AbstractProtocol.pause 暂停ProtocolHandler["http-nio-8080"]
09-Jun-2020 10:35:30.773 信息 [main] org.apache.catalina.core.StandardService.stopInternal 正在停止服务[Catalina]
09-Jun-2020 10:35:30.806 信息 [main] org.apache.coyote.AbstractProtocol.stop 正在停止ProtocolHandler ["http-nio-8080"]
09-Jun-2020 10:35:30.808 信息 [main] org.apache.coyote.AbstractProtocol.destroy 正在摧毁协议处理器 ["http-nio-8080"]
09-Jun-2020 10:38:15.641 警告 [main] org.apache.catalina.startup.SetAllPropertiesRule.begin [SetAllPropertiesRule]{Server/Service/Connector} Setting property 'URIEncodeing' to 'UTF-8' did not find a matching property.
09-Jun-2020 10:38:15.697 信息 [main] org.apache.catalina.startup.VersionLoggerListener.log Server.服务器版本: Apache Tomcat/9.0.35
09-Jun-2020 10:38:15.698 信息 [main] org.apache.catalina.startup.VersionLoggerListener.log 服务器构建:        May 5 2020 20:36:20 UTC
09-Jun-2020 10:38:15.698 信息 [main] org.apache.catalina.startup.VersionLoggerListener.log 服务器版本号(:     9.0.35.0
09-Jun-2020 10:38:15.698 信息 [main] org.apache.catalina.startup.VersionLoggerListener.log 操作系统名称:      Windows 10
09-Jun-2020 10:38:15.699 信息 [main] org.apache.catalina.startup.VersionLoggerListener.log OS.版本:           10.0
09-Jun-2020 10:38:15.699 信息 [main] org.apache.catalina.startup.VersionLoggerListener.log 架构:              amd64
09-Jun-2020 10:38:15.699 信息 [main] org.apache.catalina.startup.VersionLoggerListener.log Java 环境变量:     D:\Intellij IDEA\jdk1.8.0_201\jre
09-Jun-2020 10:38:15.699 信息 [main] org.apache.catalina.startup.VersionLoggerListener.log Java虚拟机版本:    1.8.0_201-b09
09-Jun-2020 10:38:15.700 信息 [main] org.apache.catalina.startup.VersionLoggerListener.log JVM.供应商:        Oracle Corporation
09-Jun-2020 10:38:15.700 信息 [main] org.apache.catalina.startup.VersionLoggerListener.log CATALINA_BASE:     D:\tomcat\apache-tomcat-9.0.35-windows-x64\apache-tomcat-9.0.35
09-Jun-2020 10:38:15.700 信息 [main] org.apache.catalina.startup.VersionLoggerListener.log CATALINA_HOME:     D:\tomcat\apache-tomcat-9.0.35-windows-x64\apache-tomcat-9.0.35
09-Jun-2020 10:38:15.701 信息 [main] org.apache.catalina.startup.VersionLoggerListener.log 命令行参数：-Djava.util.logging.config.file=D:\tomcat\apache-tomcat-9.0.35-windows-x64\apache-tomcat-9.0.35\conf\logging.properties
09-Jun-2020 10:38:15.706 信息 [main] org.apache.catalina.startup.VersionLoggerListener.log 命令行参数：-Djava.util.logging.manager=org.apache.juli.ClassLoaderLogManager
09-Jun-2020 10:38:15.706 信息 [main] org.apache.catalina.startup.VersionLoggerListener.log 命令行参数：-Djdk.tls.ephemeralDHKeySize=2048
09-Jun-2020 10:38:15.706 信息 [main] org.apache.catalina.startup.VersionLoggerListener.log 命令行参数：-Djava.protocol.handler.pkgs=org.apache.catalina.webresources
09-Jun-2020 10:38:15.706 信息 [main] org.apache.catalina.startup.VersionLoggerListener.log 命令行参数：-Dignore.endorsed.dirs=
09-Jun-2020 10:38:15.706 信息 [main] org.apache.catalina.startup.VersionLoggerListener.log 命令行参数：-Dcatalina.base=D:\tomcat\apache-tomcat-9.0.35-windows-x64\apache-tomcat-9.0.35
09-Jun-2020 10:38:15.709 信息 [main] org.apache.catalina.startup.VersionLoggerListener.log 命令行参数：-Dcatalina.home=D:\tomcat\apache-tomcat-9.0.35-windows-x64\apache-tomcat-9.0.35
09-Jun-2020 10:38:15.711 信息 [main] org.apache.catalina.startup.VersionLoggerListener.log 命令行参数：-Djava.io.tmpdir=D:\tomcat\apache-tomcat-9.0.35-windows-x64\apache-tomcat-9.0.35\temp
09-Jun-2020 10:38:15.712 信息 [main] org.apache.catalina.core.AprLifecycleListener.lifecycleEvent 使用APR版本[1.7.0]加载了基于APR的Apache Tomcat本机库[1.2.24]。
09-Jun-2020 10:38:15.712 信息 [main] org.apache.catalina.core.AprLifecycleListener.lifecycleEvent APR功能：IPv6[true]、sendfile[true]、accept filters[false]、random[true]。
09-Jun-2020 10:38:15.713 信息 [main] org.apache.catalina.core.AprLifecycleListener.lifecycleEvent APR/OpenSSL配置：useAprConnector[false]，useOpenSSL[true]
09-Jun-2020 10:38:15.721 信息 [main] org.apache.catalina.core.AprLifecycleListener.initializeSSL OpenSSL成功初始化 [OpenSSL 1.1.1g  21 Apr 2020]
09-Jun-2020 10:38:16.211 信息 [main] org.apache.coyote.AbstractProtocol.init 初始化协议处理器 ["http-nio-8888"]
09-Jun-2020 10:38:16.845 严重 [main] org.apache.catalina.util.LifecycleBase.handleSubClassException 初始化组件[Connector[HTTP/1.1-8888]]失败。
	org.apache.catalina.LifecycleException: 协议处理程序初始化失败
		at org.apache.catalina.connector.Connector.initInternal(Connector.java:1033)
		at org.apache.catalina.util.LifecycleBase.init(LifecycleBase.java:136)
		at org.apache.catalina.core.StandardService.initInternal(StandardService.java:533)
		at org.apache.catalina.util.LifecycleBase.init(LifecycleBase.java:136)
		at org.apache.catalina.core.StandardServer.initInternal(StandardServer.java:1057)
		at org.apache.catalina.util.LifecycleBase.init(LifecycleBase.java:136)
		at org.apache.catalina.startup.Catalina.load(Catalina.java:584)
		at org.apache.catalina.startup.Catalina.load(Catalina.java:607)
		at sun.reflect.NativeMethodAccessorImpl.invoke0(Native Method)
		at sun.reflect.NativeMethodAccessorImpl.invoke(NativeMethodAccessorImpl.java:62)
		at sun.reflect.DelegatingMethodAccessorImpl.invoke(DelegatingMethodAccessorImpl.java:43)
		at java.lang.reflect.Method.invoke(Method.java:498)
		at org.apache.catalina.startup.Bootstrap.load(Bootstrap.java:303)
		at org.apache.catalina.startup.Bootstrap.main(Bootstrap.java:473)
	Caused by: java.net.BindException: Address already in use: bind
		at sun.nio.ch.Net.bind0(Native Method)
		at sun.nio.ch.Net.bind(Net.java:433)
		at sun.nio.ch.Net.bind(Net.java:425)
		at sun.nio.ch.ServerSocketChannelImpl.bind(ServerSocketChannelImpl.java:223)
		at sun.nio.ch.ServerSocketAdaptor.bind(ServerSocketAdaptor.java:74)
		at org.apache.tomcat.util.net.NioEndpoint.initServerSocket(NioEndpoint.java:228)
		at org.apache.tomcat.util.net.NioEndpoint.bind(NioEndpoint.java:211)
		at org.apache.tomcat.util.net.AbstractEndpoint.bindWithCleanup(AbstractEndpoint.java:1141)
		at org.apache.tomcat.util.net.AbstractEndpoint.init(AbstractEndpoint.java:1154)
		at org.apache.coyote.AbstractProtocol.init(AbstractProtocol.java:581)
		at org.apache.coyote.http11.AbstractHttp11Protocol.init(AbstractHttp11Protocol.java:74)
		at org.apache.catalina.connector.Connector.initInternal(Connector.java:1030)
		... 13 more
09-Jun-2020 10:38:16.851 信息 [main] org.apache.catalina.startup.Catalina.load 服务器在[1,446]毫秒内初始化
09-Jun-2020 10:38:16.889 信息 [main] org.apache.catalina.core.StandardService.startInternal 正在启动服务[Catalina]
09-Jun-2020 10:38:16.891 信息 [main] org.apache.catalina.core.StandardEngine.startInternal 正在启动 Servlet 引擎：[Apache Tomcat/9.0.35]
09-Jun-2020 10:38:16.904 信息 [main] org.apache.catalina.startup.HostConfig.deployDirectory 把web 应用程序部署到目录 [D:\tomcat\apache-tomcat-9.0.35-windows-x64\apache-tomcat-9.0.35\webapps\docs]
09-Jun-2020 10:38:17.268 信息 [main] org.apache.catalina.startup.HostConfig.deployDirectory Web应用程序目录[D:\tomcat\apache-tomcat-9.0.35-windows-x64\apache-tomcat-9.0.35\webapps\docs]的部署已在[365]毫秒内完成
09-Jun-2020 10:38:17.269 信息 [main] org.apache.catalina.startup.HostConfig.deployDirectory 把web 应用程序部署到目录 [D:\tomcat\apache-tomcat-9.0.35-windows-x64\apache-tomcat-9.0.35\webapps\examples]
09-Jun-2020 10:38:17.906 信息 [main] org.apache.catalina.startup.HostConfig.deployDirectory Web应用程序目录[D:\tomcat\apache-tomcat-9.0.35-windows-x64\apache-tomcat-9.0.35\webapps\examples]的部署已在[637]毫秒内完成
09-Jun-2020 10:38:17.909 信息 [main] org.apache.catalina.startup.HostConfig.deployDirectory 把web 应用程序部署到目录 [D:\tomcat\apache-tomcat-9.0.35-windows-x64\apache-tomcat-9.0.35\webapps\host-manager]
09-Jun-2020 10:38:17.980 信息 [main] org.apache.catalina.startup.HostConfig.deployDirectory Web应用程序目录[D:\tomcat\apache-tomcat-9.0.35-windows-x64\apache-tomcat-9.0.35\webapps\host-manager]的部署已在[71]毫秒内完成
09-Jun-2020 10:38:17.981 信息 [main] org.apache.catalina.startup.HostConfig.deployDirectory 把web 应用程序部署到目录 [D:\tomcat\apache-tomcat-9.0.35-windows-x64\apache-tomcat-9.0.35\webapps\librarySystem]
09-Jun-2020 10:38:18.027 信息 [main] org.apache.catalina.startup.HostConfig.deployDirectory Web应用程序目录[D:\tomcat\apache-tomcat-9.0.35-windows-x64\apache-tomcat-9.0.35\webapps\librarySystem]的部署已在[45]毫秒内完成
09-Jun-2020 10:38:18.029 信息 [main] org.apache.catalina.startup.HostConfig.deployDirectory 把web 应用程序部署到目录 [D:\tomcat\apache-tomcat-9.0.35-windows-x64\apache-tomcat-9.0.35\webapps\manager]
09-Jun-2020 10:38:18.075 信息 [main] org.apache.catalina.startup.HostConfig.deployDirectory Web应用程序目录[D:\tomcat\apache-tomcat-9.0.35-windows-x64\apache-tomcat-9.0.35\webapps\manager]的部署已在[47]毫秒内完成
09-Jun-2020 10:38:18.076 信息 [main] org.apache.catalina.startup.HostConfig.deployDirectory 把web 应用程序部署到目录 [D:\tomcat\apache-tomcat-9.0.35-windows-x64\apache-tomcat-9.0.35\webapps\ROOT]
09-Jun-2020 10:38:18.128 信息 [main] org.apache.catalina.startup.HostConfig.deployDirectory Web应用程序目录[D:\tomcat\apache-tomcat-9.0.35-windows-x64\apache-tomcat-9.0.35\webapps\ROOT]的部署已在[52]毫秒内完成
09-Jun-2020 10:38:18.135 信息 [main] org.apache.catalina.startup.Catalina.start [1,283]毫秒后服务器启动
09-Jun-2020 10:38:18.146 严重 [main] org.apache.catalina.core.StandardServer.await 无法在地址[localhost]和端口[8005]上创建服务器关闭套接字（基本端口[8005]和偏移量[0]）
	java.net.BindException: Address already in use: JVM_Bind
		at java.net.DualStackPlainSocketImpl.bind0(Native Method)
		at java.net.DualStackPlainSocketImpl.socketBind(DualStackPlainSocketImpl.java:106)
		at java.net.AbstractPlainSocketImpl.bind(AbstractPlainSocketImpl.java:387)
		at java.net.PlainSocketImpl.bind(PlainSocketImpl.java:190)
		at java.net.ServerSocket.bind(ServerSocket.java:375)
		at java.net.ServerSocket.<init>(ServerSocket.java:237)
		at org.apache.catalina.core.StandardServer.await(StandardServer.java:584)
		at org.apache.catalina.startup.Catalina.await(Catalina.java:721)
		at org.apache.catalina.startup.Catalina.start(Catalina.java:667)
		at sun.reflect.NativeMethodAccessorImpl.invoke0(Native Method)
		at sun.reflect.NativeMethodAccessorImpl.invoke(NativeMethodAccessorImpl.java:62)
		at sun.reflect.DelegatingMethodAccessorImpl.invoke(DelegatingMethodAccessorImpl.java:43)
		at java.lang.reflect.Method.invoke(Method.java:498)
		at org.apache.catalina.startup.Bootstrap.start(Bootstrap.java:343)
		at org.apache.catalina.startup.Bootstrap.main(Bootstrap.java:474)
09-Jun-2020 10:38:18.147 信息 [main] org.apache.coyote.AbstractProtocol.pause 暂停ProtocolHandler["http-nio-8888"]
09-Jun-2020 10:38:18.147 信息 [main] org.apache.catalina.core.StandardService.stopInternal 正在停止服务[Catalina]
09-Jun-2020 10:38:18.173 信息 [main] org.apache.coyote.AbstractProtocol.stop 正在停止ProtocolHandler ["http-nio-8888"]
09-Jun-2020 10:38:18.177 信息 [main] org.apache.coyote.AbstractProtocol.destroy 正在摧毁协议处理器 ["http-nio-8888"]
09-Jun-2020 10:38:54.506 警告 [main] org.apache.catalina.startup.SetAllPropertiesRule.begin [SetAllPropertiesRule]{Server/Service/Connector} Setting property 'URIEncodeing' to 'UTF-8' did not find a matching property.
09-Jun-2020 10:38:54.609 信息 [main] org.apache.catalina.startup.VersionLoggerListener.log Server.服务器版本: Apache Tomcat/9.0.35
09-Jun-2020 10:38:54.609 信息 [main] org.apache.catalina.startup.VersionLoggerListener.log 服务器构建:        May 5 2020 20:36:20 UTC
09-Jun-2020 10:38:54.610 信息 [main] org.apache.catalina.startup.VersionLoggerListener.log 服务器版本号(:     9.0.35.0
09-Jun-2020 10:38:54.610 信息 [main] org.apache.catalina.startup.VersionLoggerListener.log 操作系统名称:      Windows 10
09-Jun-2020 10:38:54.610 信息 [main] org.apache.catalina.startup.VersionLoggerListener.log OS.版本:           10.0
09-Jun-2020 10:38:54.610 信息 [main] org.apache.catalina.startup.VersionLoggerListener.log 架构:              amd64
09-Jun-2020 10:38:54.610 信息 [main] org.apache.catalina.startup.VersionLoggerListener.log Java 环境变量:     D:\Intellij IDEA\jdk1.8.0_201\jre
09-Jun-2020 10:38:54.610 信息 [main] org.apache.catalina.startup.VersionLoggerListener.log Java虚拟机版本:    1.8.0_201-b09
09-Jun-2020 10:38:54.611 信息 [main] org.apache.catalina.startup.VersionLoggerListener.log JVM.供应商:        Oracle Corporation
09-Jun-2020 10:38:54.611 信息 [main] org.apache.catalina.startup.VersionLoggerListener.log CATALINA_BASE:     D:\tomcat\apache-tomcat-9.0.35-windows-x64\apache-tomcat-9.0.35
09-Jun-2020 10:38:54.612 信息 [main] org.apache.catalina.startup.VersionLoggerListener.log CATALINA_HOME:     D:\tomcat\apache-tomcat-9.0.35-windows-x64\apache-tomcat-9.0.35
09-Jun-2020 10:38:54.612 信息 [main] org.apache.catalina.startup.VersionLoggerListener.log 命令行参数：-Djava.util.logging.config.file=D:\tomcat\apache-tomcat-9.0.35-windows-x64\apache-tomcat-9.0.35\conf\logging.properties
09-Jun-2020 10:38:54.618 信息 [main] org.apache.catalina.startup.VersionLoggerListener.log 命令行参数：-Djava.util.logging.manager=org.apache.juli.ClassLoaderLogManager
09-Jun-2020 10:38:54.619 信息 [main] org.apache.catalina.startup.VersionLoggerListener.log 命令行参数：-Djdk.tls.ephemeralDHKeySize=2048
09-Jun-2020 10:38:54.619 信息 [main] org.apache.catalina.startup.VersionLoggerListener.log 命令行参数：-Djava.protocol.handler.pkgs=org.apache.catalina.webresources
09-Jun-2020 10:38:54.619 信息 [main] org.apache.catalina.startup.VersionLoggerListener.log 命令行参数：-Dignore.endorsed.dirs=
09-Jun-2020 10:38:54.621 信息 [main] org.apache.catalina.startup.VersionLoggerListener.log 命令行参数：-Dcatalina.base=D:\tomcat\apache-tomcat-9.0.35-windows-x64\apache-tomcat-9.0.35
09-Jun-2020 10:38:54.622 信息 [main] org.apache.catalina.startup.VersionLoggerListener.log 命令行参数：-Dcatalina.home=D:\tomcat\apache-tomcat-9.0.35-windows-x64\apache-tomcat-9.0.35
09-Jun-2020 10:38:54.623 信息 [main] org.apache.catalina.startup.VersionLoggerListener.log 命令行参数：-Djava.io.tmpdir=D:\tomcat\apache-tomcat-9.0.35-windows-x64\apache-tomcat-9.0.35\temp
09-Jun-2020 10:38:54.624 信息 [main] org.apache.catalina.core.AprLifecycleListener.lifecycleEvent 使用APR版本[1.7.0]加载了基于APR的Apache Tomcat本机库[1.2.24]。
09-Jun-2020 10:38:54.625 信息 [main] org.apache.catalina.core.AprLifecycleListener.lifecycleEvent APR功能：IPv6[true]、sendfile[true]、accept filters[false]、random[true]。
09-Jun-2020 10:38:54.626 信息 [main] org.apache.catalina.core.AprLifecycleListener.lifecycleEvent APR/OpenSSL配置：useAprConnector[false]，useOpenSSL[true]
09-Jun-2020 10:38:54.638 信息 [main] org.apache.catalina.core.AprLifecycleListener.initializeSSL OpenSSL成功初始化 [OpenSSL 1.1.1g  21 Apr 2020]
09-Jun-2020 10:38:55.351 信息 [main] org.apache.coyote.AbstractProtocol.init 初始化协议处理器 ["http-nio-8888"]
09-Jun-2020 10:38:56.026 信息 [main] org.apache.catalina.startup.Catalina.load 服务器在[1,792]毫秒内初始化
09-Jun-2020 10:38:56.059 信息 [main] org.apache.catalina.core.StandardService.startInternal 正在启动服务[Catalina]
09-Jun-2020 10:38:56.060 信息 [main] org.apache.catalina.core.StandardEngine.startInternal 正在启动 Servlet 引擎：[Apache Tomcat/9.0.35]
09-Jun-2020 10:38:56.076 信息 [main] org.apache.catalina.startup.HostConfig.deployDirectory 把web 应用程序部署到目录 [D:\tomcat\apache-tomcat-9.0.35-windows-x64\apache-tomcat-9.0.35\webapps\docs]
09-Jun-2020 10:38:56.415 信息 [main] org.apache.catalina.startup.HostConfig.deployDirectory Web应用程序目录[D:\tomcat\apache-tomcat-9.0.35-windows-x64\apache-tomcat-9.0.35\webapps\docs]的部署已在[340]毫秒内完成
09-Jun-2020 10:38:56.416 信息 [main] org.apache.catalina.startup.HostConfig.deployDirectory 把web 应用程序部署到目录 [D:\tomcat\apache-tomcat-9.0.35-windows-x64\apache-tomcat-9.0.35\webapps\examples]
09-Jun-2020 10:38:57.164 信息 [main] org.apache.catalina.startup.HostConfig.deployDirectory Web应用程序目录[D:\tomcat\apache-tomcat-9.0.35-windows-x64\apache-tomcat-9.0.35\webapps\examples]的部署已在[748]毫秒内完成
09-Jun-2020 10:38:57.166 信息 [main] org.apache.catalina.startup.HostConfig.deployDirectory 把web 应用程序部署到目录 [D:\tomcat\apache-tomcat-9.0.35-windows-x64\apache-tomcat-9.0.35\webapps\host-manager]
09-Jun-2020 10:38:57.226 信息 [main] org.apache.catalina.startup.HostConfig.deployDirectory Web应用程序目录[D:\tomcat\apache-tomcat-9.0.35-windows-x64\apache-tomcat-9.0.35\webapps\host-manager]的部署已在[60]毫秒内完成
09-Jun-2020 10:38:57.226 信息 [main] org.apache.catalina.startup.HostConfig.deployDirectory 把web 应用程序部署到目录 [D:\tomcat\apache-tomcat-9.0.35-windows-x64\apache-tomcat-9.0.35\webapps\librarySystem]
09-Jun-2020 10:38:57.264 信息 [main] org.apache.catalina.startup.HostConfig.deployDirectory Web应用程序目录[D:\tomcat\apache-tomcat-9.0.35-windows-x64\apache-tomcat-9.0.35\webapps\librarySystem]的部署已在[37]毫秒内完成
09-Jun-2020 10:38:57.264 信息 [main] org.apache.catalina.startup.HostConfig.deployDirectory 把web 应用程序部署到目录 [D:\tomcat\apache-tomcat-9.0.35-windows-x64\apache-tomcat-9.0.35\webapps\manager]
09-Jun-2020 10:38:57.314 信息 [main] org.apache.catalina.startup.HostConfig.deployDirectory Web应用程序目录[D:\tomcat\apache-tomcat-9.0.35-windows-x64\apache-tomcat-9.0.35\webapps\manager]的部署已在[50]毫秒内完成
09-Jun-2020 10:38:57.315 信息 [main] org.apache.catalina.startup.HostConfig.deployDirectory 把web 应用程序部署到目录 [D:\tomcat\apache-tomcat-9.0.35-windows-x64\apache-tomcat-9.0.35\webapps\ROOT]
09-Jun-2020 10:38:57.359 信息 [main] org.apache.catalina.startup.HostConfig.deployDirectory Web应用程序目录[D:\tomcat\apache-tomcat-9.0.35-windows-x64\apache-tomcat-9.0.35\webapps\ROOT]的部署已在[44]毫秒内完成
09-Jun-2020 10:38:57.365 信息 [main] org.apache.coyote.AbstractProtocol.start 开始协议处理句柄["http-nio-8888"]
09-Jun-2020 10:38:57.376 信息 [main] org.apache.catalina.startup.Catalina.start [1,349]毫秒后服务器启动
09-Jun-2020 10:39:35.392 警告 [main] org.apache.catalina.core.StandardServer.await 收到无效的关闭命令[]
09-Jun-2020 10:39:52.567 信息 [main] org.apache.catalina.core.StandardServer.await 通过关闭端口接收到有效的关闭命令。正在停止服务器实例。
09-Jun-2020 10:39:52.569 信息 [main] org.apache.coyote.AbstractProtocol.pause 暂停ProtocolHandler["http-nio-8888"]
09-Jun-2020 10:39:53.055 信息 [main] org.apache.catalina.core.StandardService.stopInternal 正在停止服务[Catalina]
09-Jun-2020 10:39:53.093 信息 [main] org.apache.coyote.AbstractProtocol.stop 正在停止ProtocolHandler ["http-nio-8888"]
09-Jun-2020 10:39:53.097 信息 [main] org.apache.coyote.AbstractProtocol.destroy 正在摧毁协议处理器 ["http-nio-8888"]
09-Jun-2020 11:06:14.780 警告 [main] org.apache.catalina.startup.SetAllPropertiesRule.begin [SetAllPropertiesRule]{Server/Service/Connector} Setting property 'URIEncodeing' to 'UTF-8' did not find a matching property.
09-Jun-2020 11:06:14.828 信息 [main] org.apache.catalina.startup.VersionLoggerListener.log Server.服务器版本: Apache Tomcat/9.0.35
09-Jun-2020 11:06:14.829 信息 [main] org.apache.catalina.startup.VersionLoggerListener.log 服务器构建:        May 5 2020 20:36:20 UTC
09-Jun-2020 11:06:14.829 信息 [main] org.apache.catalina.startup.VersionLoggerListener.log 服务器版本号(:     9.0.35.0
09-Jun-2020 11:06:14.829 信息 [main] org.apache.catalina.startup.VersionLoggerListener.log 操作系统名称:      Windows 10
09-Jun-2020 11:06:14.829 信息 [main] org.apache.catalina.startup.VersionLoggerListener.log OS.版本:           10.0
09-Jun-2020 11:06:14.830 信息 [main] org.apache.catalina.startup.VersionLoggerListener.log 架构:              amd64
09-Jun-2020 11:06:14.830 信息 [main] org.apache.catalina.startup.VersionLoggerListener.log Java 环境变量:     D:\Intellij IDEA\jdk1.8.0_201\jre
09-Jun-2020 11:06:14.830 信息 [main] org.apache.catalina.startup.VersionLoggerListener.log Java虚拟机版本:    1.8.0_201-b09
09-Jun-2020 11:06:14.830 信息 [main] org.apache.catalina.startup.VersionLoggerListener.log JVM.供应商:        Oracle Corporation
09-Jun-2020 11:06:14.830 信息 [main] org.apache.catalina.startup.VersionLoggerListener.log CATALINA_BASE:     D:\tomcat\apache-tomcat-9.0.35-windows-x64\apache-tomcat-9.0.35
09-Jun-2020 11:06:14.830 信息 [main] org.apache.catalina.startup.VersionLoggerListener.log CATALINA_HOME:     D:\tomcat\apache-tomcat-9.0.35-windows-x64\apache-tomcat-9.0.35
09-Jun-2020 11:06:14.831 信息 [main] org.apache.catalina.startup.VersionLoggerListener.log 命令行参数：-Djava.util.logging.config.file=D:\tomcat\apache-tomcat-9.0.35-windows-x64\apache-tomcat-9.0.35\conf\logging.properties
09-Jun-2020 11:06:14.834 信息 [main] org.apache.catalina.startup.VersionLoggerListener.log 命令行参数：-Djava.util.logging.manager=org.apache.juli.ClassLoaderLogManager
09-Jun-2020 11:06:14.834 信息 [main] org.apache.catalina.startup.VersionLoggerListener.log 命令行参数：-Djdk.tls.ephemeralDHKeySize=2048
09-Jun-2020 11:06:14.835 信息 [main] org.apache.catalina.startup.VersionLoggerListener.log 命令行参数：-Djava.protocol.handler.pkgs=org.apache.catalina.webresources
09-Jun-2020 11:06:14.835 信息 [main] org.apache.catalina.startup.VersionLoggerListener.log 命令行参数：-Dignore.endorsed.dirs=
09-Jun-2020 11:06:14.835 信息 [main] org.apache.catalina.startup.VersionLoggerListener.log 命令行参数：-Dcatalina.base=D:\tomcat\apache-tomcat-9.0.35-windows-x64\apache-tomcat-9.0.35
09-Jun-2020 11:06:14.835 信息 [main] org.apache.catalina.startup.VersionLoggerListener.log 命令行参数：-Dcatalina.home=D:\tomcat\apache-tomcat-9.0.35-windows-x64\apache-tomcat-9.0.35
09-Jun-2020 11:06:14.836 信息 [main] org.apache.catalina.startup.VersionLoggerListener.log 命令行参数：-Djava.io.tmpdir=D:\tomcat\apache-tomcat-9.0.35-windows-x64\apache-tomcat-9.0.35\temp
09-Jun-2020 11:06:14.836 信息 [main] org.apache.catalina.core.AprLifecycleListener.lifecycleEvent 使用APR版本[1.7.0]加载了基于APR的Apache Tomcat本机库[1.2.24]。
09-Jun-2020 11:06:14.837 信息 [main] org.apache.catalina.core.AprLifecycleListener.lifecycleEvent APR功能：IPv6[true]、sendfile[true]、accept filters[false]、random[true]。
09-Jun-2020 11:06:14.837 信息 [main] org.apache.catalina.core.AprLifecycleListener.lifecycleEvent APR/OpenSSL配置：useAprConnector[false]，useOpenSSL[true]
09-Jun-2020 11:06:14.845 信息 [main] org.apache.catalina.core.AprLifecycleListener.initializeSSL OpenSSL成功初始化 [OpenSSL 1.1.1g  21 Apr 2020]
09-Jun-2020 11:06:15.261 信息 [main] org.apache.coyote.AbstractProtocol.init 初始化协议处理器 ["http-nio-8888"]
09-Jun-2020 11:06:15.835 信息 [main] org.apache.catalina.startup.Catalina.load 服务器在[1,230]毫秒内初始化
09-Jun-2020 11:06:15.872 信息 [main] org.apache.catalina.core.StandardService.startInternal 正在启动服务[Catalina]
09-Jun-2020 11:06:15.873 信息 [main] org.apache.catalina.core.StandardEngine.startInternal 正在启动 Servlet 引擎：[Apache Tomcat/9.0.35]
09-Jun-2020 11:06:15.889 信息 [main] org.apache.catalina.startup.HostConfig.deployDirectory 把web 应用程序部署到目录 [D:\tomcat\apache-tomcat-9.0.35-windows-x64\apache-tomcat-9.0.35\webapps\docs]
09-Jun-2020 11:06:16.243 信息 [main] org.apache.catalina.startup.HostConfig.deployDirectory Web应用程序目录[D:\tomcat\apache-tomcat-9.0.35-windows-x64\apache-tomcat-9.0.35\webapps\docs]的部署已在[355]毫秒内完成
09-Jun-2020 11:06:16.244 信息 [main] org.apache.catalina.startup.HostConfig.deployDirectory 把web 应用程序部署到目录 [D:\tomcat\apache-tomcat-9.0.35-windows-x64\apache-tomcat-9.0.35\webapps\examples]
09-Jun-2020 11:06:16.934 信息 [main] org.apache.catalina.startup.HostConfig.deployDirectory Web应用程序目录[D:\tomcat\apache-tomcat-9.0.35-windows-x64\apache-tomcat-9.0.35\webapps\examples]的部署已在[690]毫秒内完成
09-Jun-2020 11:06:16.935 信息 [main] org.apache.catalina.startup.HostConfig.deployDirectory 把web 应用程序部署到目录 [D:\tomcat\apache-tomcat-9.0.35-windows-x64\apache-tomcat-9.0.35\webapps\host-manager]
09-Jun-2020 11:06:16.994 信息 [main] org.apache.catalina.startup.HostConfig.deployDirectory Web应用程序目录[D:\tomcat\apache-tomcat-9.0.35-windows-x64\apache-tomcat-9.0.35\webapps\host-manager]的部署已在[58]毫秒内完成
09-Jun-2020 11:06:16.994 信息 [main] org.apache.catalina.startup.HostConfig.deployDirectory 把web 应用程序部署到目录 [D:\tomcat\apache-tomcat-9.0.35-windows-x64\apache-tomcat-9.0.35\webapps\librarySystem]
09-Jun-2020 11:06:17.038 信息 [main] org.apache.catalina.startup.HostConfig.deployDirectory Web应用程序目录[D:\tomcat\apache-tomcat-9.0.35-windows-x64\apache-tomcat-9.0.35\webapps\librarySystem]的部署已在[44]毫秒内完成
09-Jun-2020 11:06:17.040 信息 [main] org.apache.catalina.startup.HostConfig.deployDirectory 把web 应用程序部署到目录 [D:\tomcat\apache-tomcat-9.0.35-windows-x64\apache-tomcat-9.0.35\webapps\manager]
09-Jun-2020 11:06:17.087 信息 [main] org.apache.catalina.startup.HostConfig.deployDirectory Web应用程序目录[D:\tomcat\apache-tomcat-9.0.35-windows-x64\apache-tomcat-9.0.35\webapps\manager]的部署已在[47]毫秒内完成
09-Jun-2020 11:06:17.087 信息 [main] org.apache.catalina.startup.HostConfig.deployDirectory 把web 应用程序部署到目录 [D:\tomcat\apache-tomcat-9.0.35-windows-x64\apache-tomcat-9.0.35\webapps\ROOT]
09-Jun-2020 11:06:17.136 信息 [main] org.apache.catalina.startup.HostConfig.deployDirectory Web应用程序目录[D:\tomcat\apache-tomcat-9.0.35-windows-x64\apache-tomcat-9.0.35\webapps\ROOT]的部署已在[49]毫秒内完成
09-Jun-2020 11:06:17.141 信息 [main] org.apache.coyote.AbstractProtocol.start 开始协议处理句柄["http-nio-8888"]
09-Jun-2020 11:06:17.153 信息 [main] org.apache.catalina.startup.Catalina.start [1,316]毫秒后服务器启动
09-Jun-2020 11:08:21.292 信息 [main] org.apache.catalina.core.StandardServer.await 通过关闭端口接收到有效的关闭命令。正在停止服务器实例。
09-Jun-2020 11:08:21.293 信息 [main] org.apache.coyote.AbstractProtocol.pause 暂停ProtocolHandler["http-nio-8888"]
09-Jun-2020 11:08:21.788 信息 [main] org.apache.catalina.core.StandardService.stopInternal 正在停止服务[Catalina]
09-Jun-2020 11:08:21.848 信息 [main] org.apache.coyote.AbstractProtocol.stop 正在停止ProtocolHandler ["http-nio-8888"]
09-Jun-2020 11:08:21.856 信息 [main] org.apache.coyote.AbstractProtocol.destroy 正在摧毁协议处理器 ["http-nio-8888"]
