09-Jun-2020 09:32:39.142 信息 [main] org.apache.catalina.core.ApplicationContext.log ContextListener: contextInitialized()
09-Jun-2020 09:32:39.142 信息 [main] org.apache.catalina.core.ApplicationContext.log SessionListener: contextInitialized()
09-Jun-2020 09:32:39.146 信息 [main] org.apache.catalina.core.ApplicationContext.log ContextListener: attributeAdded('StockTicker', 'async.Stockticker@55740540')
09-Jun-2020 10:05:25.784 信息 [main] org.apache.catalina.core.ApplicationContext.log ContextListener: contextInitialized()
09-Jun-2020 10:05:25.785 信息 [main] org.apache.catalina.core.ApplicationContext.log SessionListener: contextInitialized()
09-Jun-2020 10:05:25.788 信息 [main] org.apache.catalina.core.ApplicationContext.log ContextListener: attributeAdded('StockTicker', 'async.Stockticker@55740540')
09-Jun-2020 10:35:30.783 信息 [main] org.apache.catalina.core.ApplicationContext.log SessionListener: contextDestroyed()
09-Jun-2020 10:35:30.783 信息 [main] org.apache.catalina.core.ApplicationContext.log ContextListener: contextDestroyed()
09-Jun-2020 10:38:17.893 信息 [main] org.apache.catalina.core.ApplicationContext.log ContextListener: contextInitialized()
09-Jun-2020 10:38:17.893 信息 [main] org.apache.catalina.core.ApplicationContext.log SessionListener: contextInitialized()
09-Jun-2020 10:38:17.896 信息 [main] org.apache.catalina.core.ApplicationContext.log ContextListener: attributeAdded('StockTicker', 'async.Stockticker@3f56875e')
09-Jun-2020 10:38:18.159 信息 [main] org.apache.catalina.core.ApplicationContext.log SessionListener: contextDestroyed()
09-Jun-2020 10:38:18.159 信息 [main] org.apache.catalina.core.ApplicationContext.log ContextListener: contextDestroyed()
09-Jun-2020 10:38:57.151 信息 [main] org.apache.catalina.core.ApplicationContext.log ContextListener: contextInitialized()
09-Jun-2020 10:38:57.151 信息 [main] org.apache.catalina.core.ApplicationContext.log SessionListener: contextInitialized()
09-Jun-2020 10:38:57.154 信息 [main] org.apache.catalina.core.ApplicationContext.log ContextListener: attributeAdded('StockTicker', 'async.Stockticker@55740540')
09-Jun-2020 10:39:53.071 信息 [main] org.apache.catalina.core.ApplicationContext.log SessionListener: contextDestroyed()
09-Jun-2020 10:39:53.071 信息 [main] org.apache.catalina.core.ApplicationContext.log ContextListener: contextDestroyed()
09-Jun-2020 11:06:16.919 信息 [main] org.apache.catalina.core.ApplicationContext.log ContextListener: contextInitialized()
09-Jun-2020 11:06:16.919 信息 [main] org.apache.catalina.core.ApplicationContext.log SessionListener: contextInitialized()
09-Jun-2020 11:06:16.922 信息 [main] org.apache.catalina.core.ApplicationContext.log ContextListener: attributeAdded('StockTicker', 'async.Stockticker@55740540')
09-Jun-2020 11:08:21.797 信息 [main] org.apache.catalina.core.ApplicationContext.log SessionListener: contextDestroyed()
09-Jun-2020 11:08:21.797 信息 [main] org.apache.catalina.core.ApplicationContext.log ContextListener: contextDestroyed()
